<?xml version="1.0" encoding="UTF-8"?>
<!-- Generated by org.testng.reporters.JUnitReportReporter -->
<testsuite hostname="Rakshit" failures="0" tests="1" name="tests.Test_LogOut" time="1.131" errors="0" timestamp="2025-08-30T12:28:43 IST" skipped="0">
  <testcase classname="tests.Test_LogOut" name="testLogOut" time="1.131"/>
</testsuite> <!-- tests.Test_LogOut -->
