<?xml version="1.0" encoding="UTF-8"?>
<!-- Generated by org.testng.reporters.JUnitReportReporter -->
<testsuite hostname="Rakshit" failures="0" tests="1" name="tests.Test_LogOut" time="0.684" errors="0" timestamp="2025-09-07T23:19:44 IST" skipped="0">
  <testcase classname="tests.Test_LogOut" name="testLogOut" time="0.684"/>
</testsuite> <!-- tests.Test_LogOut -->
