<?xml version="1.0" encoding="UTF-8"?>
<!-- Generated by org.testng.reporters.JUnitReportReporter -->
<testsuite hostname="Rakshit" failures="0" tests="5" name="tests.CheckoutPage.Test_verifyForm" time="89.372" errors="0" timestamp="2025-09-07T23:19:44 IST" skipped="0">
  <testcase classname="tests.CheckoutPage.Test_verifyForm" name="testCheckoutProcess" time="21.207"/>
  <testcase classname="tests.CheckoutPage.Test_verifyForm" name="testCheckoutProcess" time="22.889"/>
  <testcase classname="tests.CheckoutPage.Test_verifyForm" name="testCheckoutProcess" time="22.049"/>
  <testcase classname="tests.CheckoutPage.Test_verifyForm" name="testCheckoutProcess" time="11.649"/>
  <testcase classname="tests.CheckoutPage.Test_verifyForm" name="testCheckoutProcess" time="11.578"/>
</testsuite> <!-- tests.CheckoutPage.Test_verifyForm -->
