<?xml version="1.0" encoding="UTF-8"?>
<!-- Generated by org.testng.reporters.JUnitReportReporter -->
<testsuite hostname="Rakshit" failures="0" tests="1" name="tests.HomePage.Test_CheckQuantityInCart" time="16.213" errors="0" timestamp="2025-08-30T15:49:20 IST" skipped="0">
  <testcase classname="tests.HomePage.Test_CheckQuantityInCart" name="checkQuantity" time="16.213"/>
</testsuite> <!-- tests.HomePage.Test_CheckQuantityInCart -->
