<?xml version="1.0" encoding="UTF-8"?>
<!-- Generated by org.testng.reporters.JUnitReportReporter -->
<testsuite hostname="Rakshit" failures="0" tests="4" name="tests.HomePage.Test_SortOption" time="2.048" errors="0" timestamp="2025-09-07T22:47:38 IST" skipped="0">
  <testcase classname="tests.HomePage.Test_SortOption" name="testSortByNameAToZ" time="0.226"/>
  <testcase classname="tests.HomePage.Test_SortOption" name="testSortByNameZToA" time="0.282"/>
  <testcase classname="tests.HomePage.Test_SortOption" name="testSortByPriceLowToHigh" time="0.324"/>
  <testcase classname="tests.HomePage.Test_SortOption" name="testSortByPriceHighToLow" time="1.216"/>
</testsuite> <!-- tests.HomePage.Test_SortOption -->
