<?xml version="1.0" encoding="UTF-8"?>
<!-- Generated by org.testng.reporters.JUnitReportReporter -->
<testsuite hostname="Rakshit" failures="0" tests="3" name="tests.CartPage.Test_CartNavigation" time="11.717" errors="0" timestamp="2025-09-07T22:47:38 IST" skipped="0">
  <testcase classname="tests.CartPage.Test_CartNavigation" name="verifyCartPageOpens" time="10.329"/>
  <testcase classname="tests.CartPage.Test_CartNavigation" name="verifyCartIsEmptyInitially" time="0.170"/>
  <testcase classname="tests.CartPage.Test_CartNavigation" name="verifyContinueShoppingButton" time="1.218"/>
</testsuite> <!-- tests.CartPage.Test_CartNavigation -->
