<?xml version="1.0" encoding="UTF-8"?>
<!-- Generated by org.testng.reporters.JUnitReportReporter -->
<testsuite hostname="Rakshit" failures="0" tests="1" name="tests.CheckoutPage.Test_FinishCheckout" time="0.141" errors="0" timestamp="2025-09-07T23:19:44 IST" skipped="0">
  <testcase classname="tests.CheckoutPage.Test_FinishCheckout" name="testFinishCheckout" time="0.141"/>
</testsuite> <!-- tests.CheckoutPage.Test_FinishCheckout -->
