<?xml version="1.0" encoding="UTF-8"?>
<!-- Generated by org.testng.reporters.JUnitReportReporter -->
<testsuite hostname="Rakshit" failures="0" tests="3" name="tests.CartPage.Test_CartNavigation" time="11.824" errors="0" timestamp="2025-09-07T23:19:44 IST" skipped="0">
  <testcase classname="tests.CartPage.Test_CartNavigation" name="verifyCartPageOpens" time="10.805"/>
  <testcase classname="tests.CartPage.Test_CartNavigation" name="verifyCartIsEmptyInitially" time="0.141"/>
  <testcase classname="tests.CartPage.Test_CartNavigation" name="verifyContinueShoppingButton" time="0.878"/>
</testsuite> <!-- tests.CartPage.Test_CartNavigation -->
