<?xml version="1.0" encoding="UTF-8"?>
<!-- Generated by org.testng.reporters.JUnitReportReporter -->
<testsuite hostname="Rakshit" failures="0" tests="2" name="tests.CartPage.Test_CartItem" time="0.864" errors="0" timestamp="2025-09-07T23:19:44 IST" skipped="0">
  <testcase classname="tests.CartPage.Test_CartItem" name="verifyAddedProductsAreInCart" time="0.741"/>
  <testcase classname="tests.CartPage.Test_CartItem" name="verifyRemoveProductFromCart" time="0.123"/>
</testsuite> <!-- tests.CartPage.Test_CartItem -->
