<?xml version="1.0" encoding="UTF-8"?>
<!-- Generated by org.testng.reporters.JUnitReportReporter -->
<testsuite hostname="Rakshit" failures="0" tests="4" name="tests.HomePage.Test_SortOption" time="1.835" errors="0" timestamp="2025-08-30T15:49:20 IST" skipped="0">
  <testcase classname="tests.HomePage.Test_SortOption" name="testSortByNameAToZ" time="0.489"/>
  <testcase classname="tests.HomePage.Test_SortOption" name="testSortByNameZToA" time="0.411"/>
  <testcase classname="tests.HomePage.Test_SortOption" name="testSortByPriceLowToHigh" time="0.549"/>
  <testcase classname="tests.HomePage.Test_SortOption" name="testSortByPriceHighToLow" time="0.386"/>
</testsuite> <!-- tests.HomePage.Test_SortOption -->
