<?xml version="1.0" encoding="UTF-8"?>
<!-- Generated by org.testng.reporters.JUnitReportReporter -->
<testsuite hostname="Rakshit" failures="0" tests="1" name="tests.LoginPage.LoginPageTest" time="9.200" errors="0" timestamp="2025-08-30T16:08:52 IST" skipped="0">
  <testcase classname="tests.LoginPage.LoginPageTest" name="LoginUser" time="9.200"/>
</testsuite> <!-- tests.LoginPage.LoginPageTest -->
