<?xml version="1.0" encoding="UTF-8"?>
<!-- Generated by org.testng.reporters.JUnitReportReporter -->
<testsuite hostname="Rakshit" failures="0" tests="1" name="tests.CheckoutPage.Test_FinishCheckout" time="0.344" errors="0" timestamp="2025-08-30T10:48:04 IST" skipped="0">
  <testcase classname="tests.CheckoutPage.Test_FinishCheckout" name="testFinishCheckout" time="0.344"/>
</testsuite> <!-- tests.CheckoutPage.Test_FinishCheckout -->
