<?xml version="1.0" encoding="UTF-8"?>
<!-- Generated by org.testng.reporters.JUnitReportReporter -->
<testsuite hostname="Rakshit" failures="0" tests="2" name="tests.DemoPage" time="0.274" errors="0" timestamp="2025-08-29T15:03:16 IST" skipped="0">
  <testcase classname="tests.DemoPage" name="verifyOrderConfirmationMessage" time="0.067"/>
  <testcase classname="tests.DemoPage" name="verifyBackHomeNavigation" time="0.207"/>
</testsuite> <!-- tests.DemoPage -->
