<?xml version="1.0" encoding="UTF-8"?>
<!-- Generated by org.testng.reporters.JUnitReportReporter -->
<testsuite hostname="Rakshit" failures="0" tests="9" name="tests.LoginPage.LoginPageTest" time="8.551" errors="0" timestamp="2025-09-07T23:19:44 IST" skipped="0">
  <testcase classname="tests.LoginPage.LoginPageTest" name="validLogin_standardUser" time="1.924"/>
  <testcase classname="tests.LoginPage.LoginPageTest" name="invalidLogin_wrongPassword" time="0.606"/>
  <testcase classname="tests.LoginPage.LoginPageTest" name="invalidLogin_wrongUsername" time="0.666"/>
  <testcase classname="tests.LoginPage.LoginPageTest" name="invalidLogin_blankFields" time="0.481"/>
  <testcase classname="tests.LoginPage.LoginPageTest" name="lockedOutUserLogin" time="0.574"/>
  <testcase classname="tests.LoginPage.LoginPageTest" name="login_withSpacesInUsername" time="0.644"/>
  <testcase classname="tests.LoginPage.LoginPageTest" name="login_withCaseSensitiveUsername" time="0.614"/>
  <testcase classname="tests.LoginPage.LoginPageTest" name="login_withSQLInjectionString" time="0.481"/>
  <testcase classname="tests.LoginPage.LoginPageTest" name="login_withLongUsername" time="2.561"/>
</testsuite> <!-- tests.LoginPage.LoginPageTest -->
