<?xml version="1.0" encoding="UTF-8"?>
<!-- Generated by org.testng.reporters.JUnitReportReporter -->
<testsuite hostname="Rakshit" failures="0" tests="4" name="tests.HomePage.Test_SortOption" time="0.821" errors="0" timestamp="2025-09-07T23:19:44 IST" skipped="0">
  <testcase classname="tests.HomePage.Test_SortOption" name="testSortByNameAToZ" time="0.194"/>
  <testcase classname="tests.HomePage.Test_SortOption" name="testSortByNameZToA" time="0.192"/>
  <testcase classname="tests.HomePage.Test_SortOption" name="testSortByPriceLowToHigh" time="0.219"/>
  <testcase classname="tests.HomePage.Test_SortOption" name="testSortByPriceHighToLow" time="0.216"/>
</testsuite> <!-- tests.HomePage.Test_SortOption -->
