<?xml version="1.0" encoding="UTF-8"?>
<!-- Generated by org.testng.reporters.JUnitReportReporter -->
<testsuite hostname="Rakshit" failures="0" tests="1" name="tests.CartPage.Test_CartCheckout" time="4.601" errors="0" timestamp="2025-09-07T22:47:38 IST" skipped="0">
  <testcase classname="tests.CartPage.Test_CartCheckout" name="verifyCheckout" time="4.601"/>
</testsuite> <!-- tests.CartPage.Test_CartCheckout -->
