<?xml version="1.0" encoding="UTF-8"?>
<!-- Generated by org.testng.reporters.JUnitReportReporter -->
<testsuite hostname="Rakshit" failures="0" tests="9" name="tests.DemoPage" time="24.572" errors="0" timestamp="2025-09-05T20:15:09 IST" skipped="0">
  <testcase classname="tests.DemoPage" name="validLogin_standardUser" time="3.259"/>
  <testcase classname="tests.DemoPage" name="invalidLogin_wrongPassword" time="3.064"/>
  <testcase classname="tests.DemoPage" name="invalidLogin_wrongUsername" time="1.638"/>
  <testcase classname="tests.DemoPage" name="invalidLogin_blankFields" time="1.082"/>
  <testcase classname="tests.DemoPage" name="lockedOutUserLogin" time="1.146"/>
  <testcase classname="tests.DemoPage" name="login_withSpacesInUsername" time="1.010"/>
  <testcase classname="tests.DemoPage" name="login_withCaseSensitiveUsername" time="1.127"/>
  <testcase classname="tests.DemoPage" name="login_withSQLInjectionString" time="0.892"/>
  <testcase classname="tests.DemoPage" name="login_withLongUsername" time="11.354"/>
</testsuite> <!-- tests.DemoPage -->
