<?xml version="1.0" encoding="UTF-8"?>
<!-- Generated by org.testng.reporters.JUnitReportReporter -->
<testsuite hostname="Rakshit" failures="0" tests="1" name="tests.CartPage.Test_CartCheckout" time="4.351" errors="0" timestamp="2025-08-29T22:25:42 IST" skipped="0">
  <testcase classname="tests.CartPage.Test_CartCheckout" name="verifyCheckout" time="4.351"/>
</testsuite> <!-- tests.CartPage.Test_CartCheckout -->
