<?xml version="1.0" encoding="UTF-8"?>
<!-- Generated by org.testng.reporters.JUnitReportReporter -->
<testsuite hostname="Rakshit" failures="0" tests="9" name="tests.DemoPage" time="12.055" errors="0" timestamp="2025-09-06T15:47:37 IST" skipped="0">
  <testcase classname="tests.DemoPage" name="validLogin_standardUser" time="1.710"/>
  <testcase classname="tests.DemoPage" name="invalidLogin_wrongPassword" time="1.057"/>
  <testcase classname="tests.DemoPage" name="invalidLogin_wrongUsername" time="0.799"/>
  <testcase classname="tests.DemoPage" name="invalidLogin_blankFields" time="0.712"/>
  <testcase classname="tests.DemoPage" name="lockedOutUserLogin" time="1.243"/>
  <testcase classname="tests.DemoPage" name="login_withSpacesInUsername" time="0.908"/>
  <testcase classname="tests.DemoPage" name="login_withCaseSensitiveUsername" time="0.796"/>
  <testcase classname="tests.DemoPage" name="login_withSQLInjectionString" time="0.765"/>
  <testcase classname="tests.DemoPage" name="login_withLongUsername" time="4.065"/>
</testsuite> <!-- tests.DemoPage -->
