<?xml version="1.0" encoding="UTF-8"?>
<!-- Generated by org.testng.reporters.JUnitReportReporter -->
<testsuite hostname="Rakshit" failures="0" tests="3" name="tests.CartPage.Test_CartNavigation" time="10.816" errors="0" timestamp="2025-08-29T22:25:42 IST" skipped="0">
  <testcase classname="tests.CartPage.Test_CartNavigation" name="verifyCartPageOpens" time="10.547"/>
  <testcase classname="tests.CartPage.Test_CartNavigation" name="verifyCartIsEmptyInitially" time="0.028"/>
  <testcase classname="tests.CartPage.Test_CartNavigation" name="verifyContinueShoppingButton" time="0.241"/>
</testsuite> <!-- tests.CartPage.Test_CartNavigation -->
