<?xml version="1.0" encoding="UTF-8"?>
<!-- Generated by org.testng.reporters.JUnitReportReporter -->
<testsuite hostname="Rakshit" failures="0" tests="9" name="tests.LoginPage.LoginPageTest" time="9.720" errors="0" timestamp="2025-09-07T22:47:38 IST" skipped="0">
  <testcase classname="tests.LoginPage.LoginPageTest" name="validLogin_standardUser" time="1.495"/>
  <testcase classname="tests.LoginPage.LoginPageTest" name="invalidLogin_wrongPassword" time="0.769"/>
  <testcase classname="tests.LoginPage.LoginPageTest" name="invalidLogin_wrongUsername" time="0.711"/>
  <testcase classname="tests.LoginPage.LoginPageTest" name="invalidLogin_blankFields" time="0.638"/>
  <testcase classname="tests.LoginPage.LoginPageTest" name="lockedOutUserLogin" time="0.684"/>
  <testcase classname="tests.LoginPage.LoginPageTest" name="login_withSpacesInUsername" time="1.104"/>
  <testcase classname="tests.LoginPage.LoginPageTest" name="login_withCaseSensitiveUsername" time="0.685"/>
  <testcase classname="tests.LoginPage.LoginPageTest" name="login_withSQLInjectionString" time="0.646"/>
  <testcase classname="tests.LoginPage.LoginPageTest" name="login_withLongUsername" time="2.988"/>
</testsuite> <!-- tests.LoginPage.LoginPageTest -->
