<?xml version="1.0" encoding="UTF-8"?>
<!-- Generated by org.testng.reporters.JUnitReportReporter -->
<testsuite hostname="Rakshit" failures="0" tests="2" name="tests.ConfirmationPage.ConfirmationPageTest" time="0.187" errors="0" timestamp="2025-09-07T23:19:44 IST" skipped="0">
  <testcase classname="tests.ConfirmationPage.ConfirmationPageTest" name="verifyOrderConfirmationMessage" time="0.043"/>
  <testcase classname="tests.ConfirmationPage.ConfirmationPageTest" name="verifyBackHomeNavigation" time="0.144"/>
</testsuite> <!-- tests.ConfirmationPage.ConfirmationPageTest -->
