<?xml version="1.0" encoding="UTF-8"?>
<!-- Generated by org.testng.reporters.JUnitReportReporter -->
<testsuite hostname="Rakshit" failures="0" tests="2" name="tests.HomePage.Test_AddRemoveProduct" time="10.653" errors="0" timestamp="2025-09-07T23:19:44 IST" skipped="0">
  <testcase classname="tests.HomePage.Test_AddRemoveProduct" name="addProduct" time="5.363"/>
  <testcase classname="tests.HomePage.Test_AddRemoveProduct" name="addProductAndRemove" time="5.290"/>
</testsuite> <!-- tests.HomePage.Test_AddRemoveProduct -->
