<?xml version="1.0" encoding="UTF-8"?>
<!-- Generated by org.testng.reporters.JUnitReportReporter -->
<testsuite hostname="Rakshit" failures="0" tests="1" name="tests.HomePage.Test_CheckQuantityInCart" time="15.972" errors="0" timestamp="2025-09-07T23:19:44 IST" skipped="0">
  <testcase classname="tests.HomePage.Test_CheckQuantityInCart" name="checkQuantity" time="15.972"/>
</testsuite> <!-- tests.HomePage.Test_CheckQuantityInCart -->
